<?xml version="1.0" encoding="UTF-8"?>
<testsuite xmlns:xsi="http://www.w3.org/2001/XMLSchema-instance" xsi:noNamespaceSchemaLocation="https://maven.apache.org/surefire/maven-surefire-plugin/xsd/surefire-test-report.xsd" version="3.0.2" name="com.mockarena.assessment.AssessmentServiceIntegrationTest" time="8.451" tests="11" errors="0" skipped="0" failures="0">
  <properties>
[...]
</properties>
  <testcase name="candidateOwnerReceivesOrderedSafeMixedContentWithoutPersistence" classname="com.mockarena.assessment.AssessmentServiceIntegrationTest" time="0.47">
    <system-out><![CDATA[2026-09-12T23:16:52.410+05:30  INFO 28544 --- [assessment-service] [           main] t.c.s.AnnotationConfigContextLoaderUtils : Could not detect default configuration classes for test class [com.mockarena.assessment.AssessmentServiceIntegrationTest]: AssessmentServiceIntegrationTest does not declare any static, non-private, non-final, nested classes annotated with @Configuration.
2026-09-12T23:16:52.419+05:30  INFO 28544 --- [assessment-service] [           main] .b.t.c.SpringBootTestContextBootstrapper : Found @SpringBootConfiguration com.mockarena.assessment.AssessmentServiceApplication for test class com.mockarena.assessment.AssessmentServiceIntegrationTest
2026-09-12T23:16:52.425+05:30  INFO 28544 --- [assessment-service] [           main] tc.postgres:16-alpine                    : Creating container for image: postgres:16-alpine
2026-09-12T23:16:52.597+05:30  INFO 28544 --- [assessment-service] [           main] tc.postgres:16-alpine                    : Container postgres:16-alpine is starting: 217303036aaa15d047e54897d21debb7496008ef6acebc6711d3d3c0d153def5
2026-09-12T23:16:56.266+05:30  INFO 28544 --- [assessment-service] [           main] tc.postgres:16-alpine                    : Container postgres:16-alpine started in PT3.8413288S
2026-09-12T23:16:56.267+05:30  INFO 28544 --- [assessment-service] [           main] tc.postgres:16-alpine                    : Container is started (JDBC URL: jdbc:postgresql://localhost:32937/test?loggerLevel=OFF)

  .   ____          _            __ _ _
 /\\ / ___'_ __ _ _(_)_ __  __ _ \ \ \ \
( ( )\___ | '_ | '_| | '_ \/ _` | \ \ \ \
 \\/  ___)| |_)| | | | | || (_| |  ) ) ) )
  '  |____| .__|_| |_|_| |_\__, | / / / /
 =========|_|==============|___/=/_/_/_/

 :: Spring Boot ::                (v3.5.0)

2026-09-12T23:16:56.331+05:30  INFO 28544 --- [assessment-service] [           main] c.m.a.AssessmentServiceIntegrationTest   : Starting AssessmentServiceIntegrationTest using Java 21.0.12.1 with PID 28544 (started by Ashish Ranjan in D:\MockArena\services\assessment-service)
2026-09-12T23:16:56.331+05:30  INFO 28544 --- [assessment-service] [           main] c.m.a.AssessmentServiceIntegrationTest   : The following 1 profile is active: "dev"
2026-09-12T23:16:57.049+05:30  INFO 28544 --- [assessment-service] [           main] .s.d.r.c.RepositoryConfigurationDelegate : Bootstrapping Spring Data JPA repositories in DEFAULT mode.
2026-09-12T23:16:57.103+05:30  INFO 28544 --- [assessment-service] [           main] .s.d.r.c.RepositoryConfigurationDelegate : Finished Spring Data repository scanning in 45 ms. Found 7 JPA repository interfaces.
2026-09-12T23:16:57.422+05:30  INFO 28544 --- [assessment-service] [           main] com.zaxxer.hikari.HikariDataSource       : HikariPool-2 - Starting...
2026-09-12T23:16:57.468+05:30  INFO 28544 --- [assessment-service] [           main] com.zaxxer.hikari.pool.HikariPool        : HikariPool-2 - Added connection org.postgresql.jdbc.PgConnection@47c9b8ee
2026-09-12T23:16:57.469+05:30  INFO 28544 --- [assessment-service] [           main] com.zaxxer.hikari.HikariDataSource       : HikariPool-2 - Start completed.
2026-09-12T23:16:57.474+05:30  INFO 28544 --- [assessment-service] [           main] org.flywaydb.core.FlywayExecutor         : Database: jdbc:postgresql://localhost:32937/test?loggerLevel=OFF (PostgreSQL 16.15)
2026-09-12T23:16:57.506+05:30  INFO 28544 --- [assessment-service] [           main] o.f.core.internal.database.base.Schema   : Creating schema "assessment" ...
2026-09-12T23:16:57.513+05:30  INFO 28544 --- [assessment-service] [           main] o.f.c.i.s.JdbcTableSchemaHistory         : Creating Schema History table "assessment"."flyway_schema_history" ...
2026-09-12T23:16:57.575+05:30  INFO 28544 --- [assessment-service] [           main] o.f.core.internal.command.DbMigrate      : Current version of schema "assessment": null
2026-09-12T23:16:57.589+05:30  INFO 28544 --- [assessment-service] [           main] o.f.core.internal.command.DbMigrate      : Migrating schema "assessment" to version "1 - assessment schema"
2026-09-12T23:16:57.592+05:30  WARN 28544 --- [assessment-service] [           main] o.f.c.i.s.DefaultSqlScriptExecutor       : DB: schema "assessment" already exists, skipping (SQL State: 42P06 - Error Code: 0)
2026-09-12T23:16:57.653+05:30  INFO 28544 --- [assessment-service] [           main] o.f.core.internal.command.DbMigrate      : Migrating schema "assessment" to version "2 - add assessment version availability timing"
2026-09-12T23:16:57.702+05:30  INFO 28544 --- [assessment-service] [           main] o.f.core.internal.command.DbMigrate      : Migrating schema "assessment" to version "3 - add attempt start slice"
2026-09-12T23:16:57.746+05:30  INFO 28544 --- [assessment-service] [           main] o.f.core.internal.command.DbMigrate      : Successfully applied 3 migrations to schema "assessment", now at version v3 (execution time 00:00.097s)
2026-09-12T23:16:57.779+05:30  INFO 28544 --- [assessment-service] [           main] o.hibernate.jpa.internal.util.LogHelper  : HHH000204: Processing PersistenceUnitInfo [name: default]
2026-09-12T23:16:57.783+05:30  INFO 28544 --- [assessment-service] [           main] o.h.c.internal.RegionFactoryInitiator    : HHH000026: Second-level cache disabled
2026-09-12T23:16:57.795+05:30  INFO 28544 --- [assessment-service] [           main] o.s.o.j.p.SpringPersistenceUnitInfo      : No LoadTimeWeaver setup: ignoring JPA class transformer
2026-09-12T23:16:57.810+05:30  INFO 28544 --- [assessment-service] [           main] org.hibernate.orm.connections.pooling    : HHH10001005: Database info:
	Database JDBC URL [Connecting through datasource 'HikariDataSource (HikariPool-2)']
	Database driver: undefined/unknown
	Database version: 16.15
	Autocommit mode: undefined/unknown
	Isolation level: undefined/unknown
	Minimum pool size: undefined/unknown
	Maximum pool size: undefined/unknown
2026-09-12T23:16:57.903+05:30  WARN 28544 --- [assessment-service] [           main] org.hibernate.mapping.RootClass          : HHH000038: Composite-id class does not override equals(): com.mockarena.assessment.domain.AttemptItemId
2026-09-12T23:16:57.903+05:30  WARN 28544 --- [assessment-service] [           main] org.hibernate.mapping.RootClass          : HHH000039: Composite-id class does not override hashCode(): com.mockarena.assessment.domain.AttemptItemId
2026-09-12T23:16:57.903+05:30  WARN 28544 --- [assessment-service] [           main] org.hibernate.mapping.RootClass          : HHH000038: Composite-id class does not override equals(): com.mockarena.assessment.domain.AssessmentVersionChallengeId
2026-09-12T23:16:57.903+05:30  WARN 28544 --- [assessment-service] [           main] org.hibernate.mapping.RootClass          : HHH000039: Composite-id class does not override hashCode(): com.mockarena.assessment.domain.AssessmentVersionChallengeId
2026-09-12T23:16:58.014+05:30  INFO 28544 --- [assessment-service] [           main] o.h.e.t.j.p.i.JtaPlatformInitiator       : HHH000489: No JTA platform available (set 'hibernate.transaction.jta.platform' to enable JTA platform integration)
2026-09-12T23:16:58.063+05:30  INFO 28544 --- [assessment-service] [           main] j.LocalContainerEntityManagerFactoryBean : Initialized JPA EntityManagerFactory for persistence unit 'default'
2026-09-12T23:16:58.517+05:30  INFO 28544 --- [assessment-service] [           main] o.s.b.a.e.web.EndpointLinksResolver      : Exposing 1 endpoint beneath base path '/actuator'
2026-09-12T23:16:58.539+05:30  INFO 28544 --- [assessment-service] [           main] o.s.b.t.m.w.SpringBootMockServletContext : Initializing Spring TestDispatcherServlet ''
2026-09-12T23:16:58.539+05:30  INFO 28544 --- [assessment-service] [           main] o.s.t.web.servlet.TestDispatcherServlet  : Initializing Servlet ''
2026-09-12T23:16:58.539+05:30  INFO 28544 --- [assessment-service] [           main] o.s.t.web.servlet.TestDispatcherServlet  : Completed initialization in 0 ms
2026-09-12T23:16:58.572+05:30  INFO 28544 --- [assessment-service] [           main] c.m.a.AssessmentServiceIntegrationTest   : Started AssessmentServiceIntegrationTest in 2.302 seconds (process running for 29.929)
]]></system-out>
  </testcase>
  <testcase name="expiresWhenDeadlineIsStrictlyBeforeNow" classname="com.mockarena.assessment.AssessmentServiceIntegrationTest" time="0.019"/>
  <testcase name="publishesFreezesManifestAndAllowsRevisionAndAssessmentClosing" classname="com.mockarena.assessment.AssessmentServiceIntegrationTest" time="0.226"/>
  <testcase name="rejectsReusedIdempotencyKeyForAnotherAssessmentAndManifestFailures" classname="com.mockarena.assessment.AssessmentServiceIntegrationTest" time="0.376"/>
  <testcase name="closesPublishedVersionWithoutRewritingItsHistoricalContent" classname="com.mockarena.assessment.AssessmentServiceIntegrationTest" time="0.119"/>
  <testcase name="validatesTimingAttemptAndResultReleasePolicies" classname="com.mockarena.assessment.AssessmentServiceIntegrationTest" time="0.073"/>
  <testcase name="rejectsMissingDraftAndRetiredChallengeVersionsAndUnavailableResolver" classname="com.mockarena.assessment.AssessmentServiceIntegrationTest" time="0.026"/>
  <testcase name="startsIdOnlyMixedAttemptManifestAndResumesIdempotently" classname="com.mockarena.assessment.AssessmentServiceIntegrationTest" time="0.274"/>
  <testcase name="establishesAvailabilityStartAndEffectiveDeadlineSemantics" classname="com.mockarena.assessment.AssessmentServiceIntegrationTest" time="0.01"/>
  <testcase name="createsDraftAssessmentWithExactOrderedMixedChallengeManifest" classname="com.mockarena.assessment.AssessmentServiceIntegrationTest" time="0.071"/>
  <testcase name="rejectsStaleWriteAndRetiresWithoutChangingManifest" classname="com.mockarena.assessment.AssessmentServiceIntegrationTest" time="0.124"/>
</testsuite>