<?xml version="1.0" encoding="UTF-8"?>
<testsuite xmlns:xsi="http://www.w3.org/2001/XMLSchema-instance" xsi:noNamespaceSchemaLocation="https://maven.apache.org/surefire/maven-surefire-plugin/xsd/surefire-test-report.xsd" version="3.0.2" name="com.mockarena.assessment.AssessmentJwtSecurityIntegrationTest" time="22.46" tests="2" errors="0" skipped="0" failures="0">
  <properties>
[...]
</properties>
  <testcase name="validJwtDerivesCreatorAndIgnoresClientCreator" classname="com.mockarena.assessment.AssessmentJwtSecurityIntegrationTest" time="1.044">
    <system-out><![CDATA[23:16:30.161 [main] INFO org.springframework.test.context.support.AnnotationConfigContextLoaderUtils -- Could not detect default configuration classes for test class [com.mockarena.assessment.AssessmentJwtSecurityIntegrationTest]: AssessmentJwtSecurityIntegrationTest does not declare any static, non-private, non-final, nested classes annotated with @Configuration.
23:16:30.395 [main] INFO org.springframework.boot.test.context.SpringBootTestContextBootstrapper -- Found @SpringBootConfiguration com.mockarena.assessment.AssessmentServiceApplication for test class com.mockarena.assessment.AssessmentJwtSecurityIntegrationTest
23:16:31.003 [main] INFO org.testcontainers.images.PullPolicy -- Image pull policy will be performed by: DefaultPullPolicy()
23:16:31.021 [main] INFO org.testcontainers.utility.ImageNameSubstitutor -- Image name substitution will be performed by: DefaultImageNameSubstitutor (composite of 'ConfigurationFileImageNameSubstitutor' and 'PrefixingImageNameSubstitutor')
23:16:31.071 [main] INFO org.testcontainers.DockerClientFactory -- Testcontainers version: 2.0.5
23:16:31.434 [main] INFO org.testcontainers.dockerclient.DockerClientProviderStrategy -- Loaded org.testcontainers.dockerclient.NpipeSocketClientProviderStrategy from ~/.testcontainers.properties, will try it first
23:16:32.185 [main] INFO org.testcontainers.dockerclient.DockerClientProviderStrategy -- Found Docker environment with local Npipe socket (npipe:////./pipe/docker_engine)
23:16:32.185 [main] INFO org.testcontainers.DockerClientFactory -- Docker host IP address is localhost
23:16:32.217 [main] INFO org.testcontainers.DockerClientFactory -- Connected to docker: 
  Server Version: 29.5.3
  API Version: 1.54
  Operating System: Rancher Desktop WSL Distribution
  Total Memory: 15716 MB
23:16:32.275 [main] INFO tc.testcontainers/ryuk:0.14.0 -- Creating container for image: testcontainers/ryuk:0.14.0
23:16:32.536 [main] INFO org.testcontainers.utility.RegistryAuthLocator -- Credential helper/store (docker-credential-wincred) does not have credentials for https://index.docker.io/v1/
23:16:32.768 [main] INFO tc.testcontainers/ryuk:0.14.0 -- Container testcontainers/ryuk:0.14.0 is starting: de082bdf0e1ccc773512934291ad84e093eeef958b6ceb29b80877faed0fb03a
23:16:33.424 [main] INFO tc.testcontainers/ryuk:0.14.0 -- Container testcontainers/ryuk:0.14.0 started in PT1.1492569S
23:16:33.452 [main] INFO org.testcontainers.utility.RyukResourceReaper -- Ryuk started - will monitor and terminate Testcontainers containers on JVM exit
23:16:33.452 [main] INFO org.testcontainers.DockerClientFactory -- Checking the system...
23:16:33.454 [main] INFO org.testcontainers.DockerClientFactory -- ✔︎ Docker server version should be at least 1.6.0
23:16:33.455 [main] INFO tc.postgres:16-alpine -- Creating container for image: postgres:16-alpine
23:16:33.566 [main] INFO tc.postgres:16-alpine -- Container postgres:16-alpine is starting: dcd532457d52905fd47259e12bddf1c0e7471b77d41f22207deae208417c55f9
23:16:36.549 [main] INFO tc.postgres:16-alpine -- Container postgres:16-alpine started in PT3.0937516S
23:16:36.549 [main] INFO tc.postgres:16-alpine -- Container is started (JDBC URL: jdbc:postgresql://localhost:32936/test?loggerLevel=OFF)

  .   ____          _            __ _ _
 /\\ / ___'_ __ _ _(_)_ __  __ _ \ \ \ \
( ( )\___ | '_ | '_| | '_ \/ _` | \ \ \ \
 \\/  ___)| |_)| | | | | || (_| |  ) ) ) )
  '  |____| .__|_| |_|_| |_\__, | / / / /
 =========|_|==============|___/=/_/_/_/

 :: Spring Boot ::                (v3.5.0)

2026-09-12T23:16:37.175+05:30  INFO 28544 --- [assessment-service] [           main] m.a.AssessmentJwtSecurityIntegrationTest : Starting AssessmentJwtSecurityIntegrationTest using Java 21.0.12.1 with PID 28544 (started by Ashish Ranjan in D:\MockArena\services\assessment-service)
2026-09-12T23:16:37.175+05:30  INFO 28544 --- [assessment-service] [           main] m.a.AssessmentJwtSecurityIntegrationTest : The following 1 profile is active: "dev"
2026-09-12T23:16:38.869+05:30  INFO 28544 --- [assessment-service] [           main] .s.d.r.c.RepositoryConfigurationDelegate : Bootstrapping Spring Data JPA repositories in DEFAULT mode.
2026-09-12T23:16:39.006+05:30  INFO 28544 --- [assessment-service] [           main] .s.d.r.c.RepositoryConfigurationDelegate : Finished Spring Data repository scanning in 115 ms. Found 7 JPA repository interfaces.
2026-09-12T23:16:43.121+05:30  INFO 28544 --- [assessment-service] [           main] com.zaxxer.hikari.HikariDataSource       : HikariPool-1 - Starting...
2026-09-12T23:16:43.592+05:30  INFO 28544 --- [assessment-service] [           main] com.zaxxer.hikari.pool.HikariPool        : HikariPool-1 - Added connection org.postgresql.jdbc.PgConnection@3dbf3bc
2026-09-12T23:16:43.592+05:30  INFO 28544 --- [assessment-service] [           main] com.zaxxer.hikari.HikariDataSource       : HikariPool-1 - Start completed.
2026-09-12T23:16:43.683+05:30  INFO 28544 --- [assessment-service] [           main] org.flywaydb.core.FlywayExecutor         : Database: jdbc:postgresql://localhost:32936/test?loggerLevel=OFF (PostgreSQL 16.15)
2026-09-12T23:16:43.883+05:30  INFO 28544 --- [assessment-service] [           main] o.f.core.internal.database.base.Schema   : Creating schema "assessment" ...
2026-09-12T23:16:43.925+05:30  INFO 28544 --- [assessment-service] [           main] o.f.c.i.s.JdbcTableSchemaHistory         : Creating Schema History table "assessment"."flyway_schema_history" ...
2026-09-12T23:16:44.087+05:30  INFO 28544 --- [assessment-service] [           main] o.f.core.internal.command.DbMigrate      : Current version of schema "assessment": null
2026-09-12T23:16:44.135+05:30  INFO 28544 --- [assessment-service] [           main] o.f.core.internal.command.DbMigrate      : Migrating schema "assessment" to version "1 - assessment schema"
2026-09-12T23:16:44.170+05:30  WARN 28544 --- [assessment-service] [           main] o.f.c.i.s.DefaultSqlScriptExecutor       : DB: schema "assessment" already exists, skipping (SQL State: 42P06 - Error Code: 0)
2026-09-12T23:16:44.265+05:30  INFO 28544 --- [assessment-service] [           main] o.f.core.internal.command.DbMigrate      : Migrating schema "assessment" to version "2 - add assessment version availability timing"
2026-09-12T23:16:44.327+05:30  INFO 28544 --- [assessment-service] [           main] o.f.core.internal.command.DbMigrate      : Migrating schema "assessment" to version "3 - add attempt start slice"
2026-09-12T23:16:44.390+05:30  INFO 28544 --- [assessment-service] [           main] o.f.core.internal.command.DbMigrate      : Successfully applied 3 migrations to schema "assessment", now at version v3 (execution time 00:00.166s)
2026-09-12T23:16:44.738+05:30  INFO 28544 --- [assessment-service] [           main] o.hibernate.jpa.internal.util.LogHelper  : HHH000204: Processing PersistenceUnitInfo [name: default]
2026-09-12T23:16:44.890+05:30  INFO 28544 --- [assessment-service] [           main] org.hibernate.Version                    : HHH000412: Hibernate ORM core version 6.6.15.Final
2026-09-12T23:16:44.952+05:30  INFO 28544 --- [assessment-service] [           main] o.h.c.internal.RegionFactoryInitiator    : HHH000026: Second-level cache disabled
2026-09-12T23:16:45.276+05:30  INFO 28544 --- [assessment-service] [           main] o.s.o.j.p.SpringPersistenceUnitInfo      : No LoadTimeWeaver setup: ignoring JPA class transformer
2026-09-12T23:16:45.520+05:30  INFO 28544 --- [assessment-service] [           main] org.hibernate.orm.connections.pooling    : HHH10001005: Database info:
	Database JDBC URL [Connecting through datasource 'HikariDataSource (HikariPool-1)']
	Database driver: undefined/unknown
	Database version: 16.15
	Autocommit mode: undefined/unknown
	Isolation level: undefined/unknown
	Minimum pool size: undefined/unknown
	Maximum pool size: undefined/unknown
2026-09-12T23:16:46.068+05:30  WARN 28544 --- [assessment-service] [           main] org.hibernate.mapping.RootClass          : HHH000038: Composite-id class does not override equals(): com.mockarena.assessment.domain.AttemptItemId
2026-09-12T23:16:46.068+05:30  WARN 28544 --- [assessment-service] [           main] org.hibernate.mapping.RootClass          : HHH000039: Composite-id class does not override hashCode(): com.mockarena.assessment.domain.AttemptItemId
2026-09-12T23:16:46.068+05:30  WARN 28544 --- [assessment-service] [           main] org.hibernate.mapping.RootClass          : HHH000038: Composite-id class does not override equals(): com.mockarena.assessment.domain.AssessmentVersionChallengeId
2026-09-12T23:16:46.068+05:30  WARN 28544 --- [assessment-service] [           main] org.hibernate.mapping.RootClass          : HHH000039: Composite-id class does not override hashCode(): com.mockarena.assessment.domain.AssessmentVersionChallengeId
2026-09-12T23:16:46.921+05:30  INFO 28544 --- [assessment-service] [           main] o.h.e.t.j.p.i.JtaPlatformInitiator       : HHH000489: No JTA platform available (set 'hibernate.transaction.jta.platform' to enable JTA platform integration)
2026-09-12T23:16:47.010+05:30  INFO 28544 --- [assessment-service] [           main] j.LocalContainerEntityManagerFactoryBean : Initialized JPA EntityManagerFactory for persistence unit 'default'
2026-09-12T23:16:49.163+05:30  INFO 28544 --- [assessment-service] [           main] o.s.b.a.e.web.EndpointLinksResolver      : Exposing 1 endpoint beneath base path '/actuator'
2026-09-12T23:16:49.938+05:30  INFO 28544 --- [assessment-service] [           main] o.s.b.t.m.w.SpringBootMockServletContext : Initializing Spring TestDispatcherServlet ''
2026-09-12T23:16:49.938+05:30  INFO 28544 --- [assessment-service] [           main] o.s.t.web.servlet.TestDispatcherServlet  : Initializing Servlet ''
2026-09-12T23:16:49.938+05:30  INFO 28544 --- [assessment-service] [           main] o.s.t.web.servlet.TestDispatcherServlet  : Completed initialization in 0 ms
2026-09-12T23:16:50.071+05:30  INFO 28544 --- [assessment-service] [           main] m.a.AssessmentJwtSecurityIntegrationTest : Started AssessmentJwtSecurityIntegrationTest in 13.464 seconds (process running for 21.428)
]]></system-out>
    <system-err><![CDATA[Mockito is currently self-attaching to enable the inline-mock-maker. This will no longer work in future releases of the JDK. Please add Mockito as an agent to your build as described in Mockito's documentation: https://javadoc.io/doc/org.mockito/mockito-core/latest/org.mockito/org/mockito/Mockito.html#0.3
WARNING: A Java agent has been loaded dynamically (C:\Users\Ashish Ranjan\.m2\repository\net\bytebuddy\byte-buddy-agent\1.17.5\byte-buddy-agent-1.17.5.jar)
WARNING: If a serviceability tool is in use, please run with -XX:+EnableDynamicAgentLoading to hide this warning
WARNING: If a serviceability tool is not in use, please run with -Djdk.instrument.traceUsage for more information
WARNING: Dynamic loading of agents will be disallowed by default in a future release
]]></system-err>
  </testcase>
  <testcase name="missingTokenAndInvalidTokensAreRejectedWhileHealthIsPublic" classname="com.mockarena.assessment.AssessmentJwtSecurityIntegrationTest" time="0.541"/>
</testsuite>